#
# There is insufficient memory for the Java Runtime Environment to continue.
# Native memory allocation (mmap) failed to map 335544320 bytes for G1 virtual space
# Possible reasons:
#   The system is out of physical RAM or swap space
#   The process is running with CompressedOops enabled, and the Java Heap may be blocking the growth of the native heap
# Possible solutions:
#   Reduce memory load on the system
#   Increase physical memory or swap space
#   Check if swap backing store is full
#   Decrease Java heap size (-Xmx/-Xms)
#   Decrease number of Java threads
#   Decrease Java thread stack sizes (-Xss)
#   Set larger code cache with -XX:ReservedCodeCacheSize=
#   JVM is running with Zero Based Compressed Oops mode in which the Java heap is
#     placed in the first 32GB address space. The Java Heap base address is the
#     maximum limit for the native heap growth. Please use -XX:HeapBaseMinAddress
#     to set the Java Heap base and to place the Java Heap above 32GB virtual address.
# This output file may be truncated or incomplete.
#
#  Out of Memory Error (os_windows.cpp:3469), pid=21348, tid=1092
#
# JRE version:  (17.0.1+12) (build )
# Java VM: OpenJDK 64-Bit Server VM (17.0.1+12, mixed mode, sharing, tiered, compressed oops, compressed class ptrs, g1 gc, windows-amd64)
# No core dump will be written. Minidumps are not enabled by default on client versions of Windows
#

---------------  S U M M A R Y ------------

Command Line: -Dfile.encoding=UTF-8 -XX:+ShowCodeDetailsInExceptionMessages BattleShip.BattleShipGameMain

Host: Intel(R) Core(TM) i5-8300H CPU @ 2.30GHz, 8 cores, 19G,  Windows 10 , 64 bit Build 19041 (10.0.19041.1889)
Time: Sat Nov  5 14:53:14 2022 GMT dows 10 , 64 bit Build 19041 (10.0.19041.1889) elapsed time: 0.012534 seconds (0d 0h 0m 0s)

---------------  T H R E A D  ---------------

Current thread (0x0000011b022eee20):  JavaThread "Unknown thread" [_thread_in_vm, id=1092, stack(0x0000000387900000,0x0000000387a00000)]

Stack: [0x0000000387900000,0x0000000387a00000]
Native frames: (J=compiled Java code, j=interpreted, Vv=VM code, C=native code)
V  [jvm.dll+0x6744da]
V  [jvm.dll+0x82e144]
V  [jvm.dll+0x82f8ee]
V  [jvm.dll+0x82ff53]
V  [jvm.dll+0x245175]
V  [jvm.dll+0x6714c9]
V  [jvm.dll+0x665f92]
V  [jvm.dll+0x303c3b]
V  [jvm.dll+0x30b176]
V  [jvm.dll+0x35af1e]
V  [jvm.dll+0x35b14f]
V  [jvm.dll+0x2dab78]
V  [jvm.dll+0x2dbae4]
V  [jvm.dll+0x7ffdf1]
V  [jvm.dll+0x368c91]
V  [jvm.dll+0x7df2cc]
V  [jvm.dll+0x3eb59f]
V  [jvm.dll+0x3ed121]
C  [jli.dll+0x5277]
C  [ucrtbase.dll+0x21bb2]
C  [KERNEL32.DLL+0x17034]
C  [ntdll.dll+0x526a1]


---------------  P R O C E S S  ---------------

Threads class SMR info:
_java_thread_list=0x00007ffe96964e58, length=0, elements={
}

Java Threads: ( => current thread )

Other Threads:
  0x0000011b023432d0 GCTaskThread "GC Thread#0" [stack: 0x0000000387a00000,0x0000000387b00000] [id=19612]
  0x0000011b0234e8b0 ConcurrentGCThread "G1 Main Marker" [stack: 0x0000000387b00000,0x0000000387c00000] [id=16740]
  0x0000011b023502d0 ConcurrentGCThread "G1 Conc#0" [stack: 0x0000000387c00000,0x0000000387d00000] [id=12848]

[error occurred during error reporting (printing all threads), id 0xc0000005, EXCEPTION_ACCESS_VIOLATION (0xc0000005) at pc=0x00007ffe9613b5f7]

VM state: not at safepoint (not fully initialized)

VM Mutex/Monitor currently owned by a thread:  ([mutex/lock_event])
[0x0000011b0025cd80] Heap_lock - owner thread: 0x0000011b022eee20

Heap address: 0x00000006c2000000, size: 5088 MB, Compressed Oops mode: Zero based, Oop shift amount: 3

CDS archive(s) mapped at: [0x0000000000000000-0x0000000000000000-0x0000000000000000), size 0, SharedBaseAddress: 0x0000000800000000, ArchiveRelocationMode: 0.
Narrow klass base: 0x0000000000000000, Narrow klass shift: 0, Narrow klass range: 0x0

GC Precious Log:
<Empty>

Heap:
 garbage-first heap   total 0K, used 0K [0x00000006c2000000, 0x0000000800000000)
  region size 4096K, 0 young (0K), 0 survivors (0K)

[error occurred during error reporting (printing heap information), id 0xc0000005, EXCEPTION_ACCESS_VIOLATION (0xc0000005) at pc=0x00007ffe9651d729]

GC Heap History (0 events):
No events

Deoptimization events (0 events):
No events

Classes unloaded (0 events):
No events

Classes redefined (0 events):
No events

Internal exceptions (0 events):
No events

VM Operations (0 events):
No events

Events (1 events):
Event: 0.007 Loaded shared library C:\Program Files\eclipse\plugins\org.eclipse.justj.openjdk.hotspot.jre.full.win32.x86_64_17.0.1.v20211116-1657\jre\bin\java.dll


Dynamic libraries:
0x00007ff69f920000 - 0x00007ff69f92e000 	C:\Program Files\eclipse\plugins\org.eclipse.justj.openjdk.hotspot.jre.full.win32.x86_64_17.0.1.v20211116-1657\jre\bin\javaw.exe
0x00007ffef46b0000 - 0x00007ffef48a8000 	C:\WINDOWS\SYSTEM32\ntdll.dll
0x00007ffef3390000 - 0x00007ffef344d000 	C:\WINDOWS\System32\KERNEL32.DLL
0x00007ffef23a0000 - 0x00007ffef2672000 	C:\WINDOWS\System32\KERNELBASE.dll
0x00007ffef1fb0000 - 0x00007ffef20b0000 	C:\WINDOWS\System32\ucrtbase.dll
0x00007ffeebd00000 - 0x00007ffeebd18000 	C:\Program Files\eclipse\plugins\org.eclipse.justj.openjdk.hotspot.jre.full.win32.x86_64_17.0.1.v20211116-1657\jre\bin\jli.dll
0x00007ffeebce0000 - 0x00007ffeebcf9000 	C:\Program Files\eclipse\plugins\org.eclipse.justj.openjdk.hotspot.jre.full.win32.x86_64_17.0.1.v20211116-1657\jre\bin\VCRUNTIME140.dll
0x00007ffef3f10000 - 0x00007ffef40ad000 	C:\WINDOWS\System32\USER32.dll
0x00007ffef1ed0000 - 0x00007ffef1ef2000 	C:\WINDOWS\System32\win32u.dll
0x00007ffed67b0000 - 0x00007ffed6a4a000 	C:\WINDOWS\WinSxS\amd64_microsoft.windows.common-controls_6595b64144ccf1df_6.0.19041.1110_none_60b5254171f9507e\COMCTL32.dll
0x00007ffef3d20000 - 0x00007ffef3d4b000 	C:\WINDOWS\System32\GDI32.dll
0x00007ffef4250000 - 0x00007ffef42ee000 	C:\WINDOWS\System32\msvcrt.dll
0x00007ffef1dc0000 - 0x00007ffef1ecf000 	C:\WINDOWS\System32\gdi32full.dll
0x00007ffef2300000 - 0x00007ffef239d000 	C:\WINDOWS\System32\msvcp_win.dll
0x00007ffef3250000 - 0x00007ffef3280000 	C:\WINDOWS\System32\IMM32.DLL
0x00007ffeeeec0000 - 0x00007ffeeeecc000 	C:\Program Files\eclipse\plugins\org.eclipse.justj.openjdk.hotspot.jre.full.win32.x86_64_17.0.1.v20211116-1657\jre\bin\vcruntime140_1.dll
0x00007ffed2de0000 - 0x00007ffed2e71000 	C:\Program Files\eclipse\plugins\org.eclipse.justj.openjdk.hotspot.jre.full.win32.x86_64_17.0.1.v20211116-1657\jre\bin\msvcp140.dll
0x00007ffe95e50000 - 0x00007ffe96a96000 	C:\Program Files\eclipse\plugins\org.eclipse.justj.openjdk.hotspot.jre.full.win32.x86_64_17.0.1.v20211116-1657\jre\bin\server\jvm.dll
0x00007ffef40b0000 - 0x00007ffef415e000 	C:\WINDOWS\System32\ADVAPI32.dll
0x00007ffef34b0000 - 0x00007ffef354c000 	C:\WINDOWS\System32\sechost.dll
0x00007ffef3d50000 - 0x00007ffef3e75000 	C:\WINDOWS\System32\RPCRT4.dll
0x00007ffef2710000 - 0x00007ffef2718000 	C:\WINDOWS\System32\PSAPI.DLL
0x00007ffedf080000 - 0x00007ffedf0a7000 	C:\WINDOWS\SYSTEM32\WINMM.dll
0x00007ffeaa070000 - 0x00007ffeaa079000 	C:\WINDOWS\SYSTEM32\WSOCK32.dll
0x00007ffee19f0000 - 0x00007ffee19fa000 	C:\WINDOWS\SYSTEM32\VERSION.dll
0x00007ffef3630000 - 0x00007ffef369b000 	C:\WINDOWS\System32\WS2_32.dll
0x00007ffef0660000 - 0x00007ffef0672000 	C:\WINDOWS\SYSTEM32\kernel.appcore.dll
0x00007ffeec320000 - 0x00007ffeec32a000 	C:\Program Files\eclipse\plugins\org.eclipse.justj.openjdk.hotspot.jre.full.win32.x86_64_17.0.1.v20211116-1657\jre\bin\jimage.dll
0x00007ffeefb90000 - 0x00007ffeefd74000 	C:\WINDOWS\SYSTEM32\DBGHELP.DLL
0x00007ffeeab80000 - 0x00007ffeeabac000 	C:\WINDOWS\SYSTEM32\dbgcore.DLL
0x00007ffef2680000 - 0x00007ffef2702000 	C:\WINDOWS\System32\bcryptPrimitives.dll
0x00007ffeebe80000 - 0x00007ffeebea5000 	C:\Program Files\eclipse\plugins\org.eclipse.justj.openjdk.hotspot.jre.full.win32.x86_64_17.0.1.v20211116-1657\jre\bin\java.dll

dbghelp: loaded successfully - version: 4.0.5 - missing functions: none
symbol engine: initialized successfully - sym options: 0x614 - pdb path: .;C:\Program Files\eclipse\plugins\org.eclipse.justj.openjdk.hotspot.jre.full.win32.x86_64_17.0.1.v20211116-1657\jre\bin;C:\WINDOWS\SYSTEM32;C:\WINDOWS\WinSxS\amd64_microsoft.windows.common-controls_6595b64144ccf1df_6.0.19041.1110_none_60b5254171f9507e;C:\Program Files\eclipse\plugins\org.eclipse.justj.openjdk.hotspot.jre.full.win32.x86_64_17.0.1.v20211116-1657\jre\bin\server

VM Arguments:
jvm_args: -Dfile.encoding=UTF-8 -XX:+ShowCodeDetailsInExceptionMessages 
java_command: BattleShip.BattleShipGameMain
java_class_path (initial): D:\JavaWork\test2\BattleShip\bin
Launcher Type: SUN_STANDARD

[Global flags]
     intx CICompilerCount                          = 4                                         {product} {ergonomic}
     uint ConcGCThreads                            = 2                                         {product} {ergonomic}
     uint G1ConcRefinementThreads                  = 8                                         {product} {ergonomic}
   size_t G1HeapRegionSize                         = 4194304                                   {product} {ergonomic}
    uintx GCDrainStackTargetSize                   = 64                                        {product} {ergonomic}
   size_t InitialHeapSize                          = 335544320                                 {product} {ergonomic}
   size_t MarkStackSize                            = 4194304                                   {product} {ergonomic}
   size_t MaxHeapSize                              = 5335154688                                {product} {ergonomic}
   size_t MinHeapDeltaBytes                        = 4194304                                   {product} {ergonomic}
   size_t MinHeapSize                              = 8388608                                   {product} {ergonomic}
    uintx NonNMethodCodeHeapSize                   = 5839372                                {pd product} {ergonomic}
    uintx NonProfiledCodeHeapSize                  = 122909434                              {pd product} {ergonomic}
    uintx ProfiledCodeHeapSize                     = 122909434                              {pd product} {ergonomic}
    uintx ReservedCodeCacheSize                    = 251658240                              {pd product} {ergonomic}
     bool SegmentedCodeCache                       = true                                      {product} {ergonomic}
     bool ShowCodeDetailsInExceptionMessages       = true                                   {manageable} {command line}
   size_t SoftMaxHeapSize                          = 5335154688                             {manageable} {ergonomic}
     bool UseCompressedClassPointers               = true                           {product lp64_product} {ergonomic}
     bool UseCompressedOops                        = true                           {product lp64_product} {ergonomic}
     bool UseG1GC                                  = true                                      {product} {ergonomic}
     bool UseLargePagesIndividualAllocation        = false                                  {pd product} {ergonomic}

Logging:
Log output configuration:
 #0: stdout all=warning uptime,level,tags
 #1: stderr all=off uptime,level,tags

Environment Variables:
JAVA_HOME=C:\Program Files\JDK8
PATH=C:/Program Files/eclipse//plugins/org.eclipse.justj.openjdk.hotspot.jre.full.win32.x86_64_17.0.1.v20211116-1657/jre/bin/server;C:/Program Files/eclipse//plugins/org.eclipse.justj.openjdk.hotspot.jre.full.win32.x86_64_17.0.1.v20211116-1657/jre/bin;C:\Program Files\Python311\Scripts\;C:\Program Files\Python311\;C:\Program Files (x86)\Intel\Intel(R) Management Engine Components\iCLS\;C:\Program Files\Intel\Intel(R) Management Engine Components\iCLS\;C:\Windows\system32;C:\Windows;C:\Windows\System32\Wbem;C:\Windows\System32\WindowsPowerShell\v1.0\;C:\Windows\System32\OpenSSH\;C:\Program Files (x86)\Intel\Intel(R) Management Engine Components\DAL;C:\Program Files\Intel\Intel(R) Management Engine Components\DAL;C:\Program Files\Intel\WiFi\bin\;C:\Program Files\Common Files\Intel\WirelessCommon\;C:\Program Files (x86)\NVIDIA Corporation\PhysX\Common;C:\WINDOWS\system32;C:\WINDOWS;C:\WINDOWS\System32\Wbem;C:\WINDOWS\System32\WindowsPowerShell\v1.0\;C:\WINDOWS\System32\OpenSSH\;C:\Program Files\Azure Data Studio\bin;C:\Program Files\Microsoft SQL Server\Client SDK\ODBC\170\Tools\Binn\;C:\Program Files (x86)\Microsoft SQL Server\150\Tools\Binn\;C:\Program Files\Microsoft SQL Server\150\Tools\Binn\;C:\Program Files\Microsoft SQL Server\150\DTS\Binn\;C:\Program Files (x86)\Microsoft SQL Server\150\DTS\Binn\;C:\Program Files\Git\cmd;C:\Users\Alisha\AppData\Local\Microsoft\WindowsApps;;C:\Program Files\Azure Data Studio\bin;C:\Users\Alisha\AppData\Local\Programs\Microsoft VS Code\bin;C:\Users\Alisha\AppData\Local\JetBrains\Toolbox\scripts;C:\Program Files\eclipse;
USERNAME=Alisha
OS=Windows_NT
PROCESSOR_IDENTIFIER=Intel64 Family 6 Model 158 Stepping 10, GenuineIntel



---------------  S Y S T E M  ---------------

OS:
 Windows 10 , 64 bit Build 19041 (10.0.19041.1889)
OS uptime: 7 days 12:29 hours

CPU: total 8 (initial active 8) (4 cores per cpu, 2 threads per core) family 6 model 158 stepping 10 microcode 0xd2, cx8, cmov, fxsr, ht, mmx, 3dnowpref, sse, sse2, sse3, ssse3, sse4.1, sse4.2, popcnt, lzcnt, tsc, tscinvbit, avx, avx2, aes, erms, clmul, bmi1, bmi2, adx, fma, vzeroupper, clflush, clflushopt

Memory: 4k page, system-wide physical 20336M (9014M free)
TotalPageFile size 35368M (AvailPageFile size 193M)
current process WorkingSet (physical memory assigned to process): 10M, peak: 10M
current process commit charge ("private bytes"): 59M, peak: 379M

vm_info: OpenJDK 64-Bit Server VM (17.0.1+12) for windows-amd64 JRE (17.0.1+12), built on Oct 20 2021 07:42:55 by "" with MS VC++ 16.7 (VS2019)

END.
